<?xml version="1.0" encoding="UTF-8"?>
<!-- Generated by org.testng.reporters.JUnitXMLReporter -->
<testsuite ignored="0" hostname="DESKTOP-19250K0" failures="0" tests="2" name="Surefire test" time="6.315" errors="0" timestamp="2022-03-23T12:19:22 MSK">
  <testcase classname="com.it_academy.tests.onliner.OnlinerSushiVeslaProductTest" name="testEachProductHasName" time="4.572"/>
  <testcase classname="com.it_academy.tests.onliner.OnlinerSushiVeslaProductTest" name="testProductsFilteredByCertainFilter" time="1.699"/>
</testsuite> <!-- Surefire test -->
