<?xml version="1.0" encoding="UTF-8"?>
<testng-results ignored="0" total="2" passed="2" failed="0" skipped="0">
  <reporter-output>
  </reporter-output>
  <suite started-at="2022-03-23T12:19:15 MSK" name="Surefire suite" finished-at="2022-03-23T12:19:22 MSK" duration-ms="6315">
    <groups>
    </groups>
    <test started-at="2022-03-23T12:19:15 MSK" name="Surefire test" finished-at="2022-03-23T12:19:22 MSK" duration-ms="6315">
      <class name="com.it_academy.tests.onliner.OnlinerSushiVeslaProductTest">
        <test-method signature="testEachProductHasName()[pri:0, instance:com.it_academy.tests.onliner.OnlinerSushiVeslaProductTest@2d127a61]" started-at="2022-03-23T12:19:15 MSK" name="testEachProductHasName" description="Check that each product has name" finished-at="2022-03-23T12:19:20 MSK" duration-ms="4572" status="PASS">
          <reporter-output>
          </reporter-output>
        </test-method> <!-- testEachProductHasName -->
        <test-method signature="testProductsFilteredByCertainFilter()[pri:0, instance:com.it_academy.tests.onliner.OnlinerSushiVeslaProductTest@2d127a61]" started-at="2022-03-23T12:19:20 MSK" name="testProductsFilteredByCertainFilter" description="Check that products filtered by certain filter" finished-at="2022-03-23T12:19:22 MSK" duration-ms="1699" status="PASS">
          <reporter-output>
          </reporter-output>
        </test-method> <!-- testProductsFilteredByCertainFilter -->
      </class> <!-- com.it_academy.tests.onliner.OnlinerSushiVeslaProductTest -->
    </test> <!-- Surefire test -->
  </suite> <!-- Surefire suite -->
</testng-results>
